Analyzing Data...

Blit:
-----
  MRT[0x28b4000:0x0]:	256x144		FMT6_16_UNORM (MSAA_ONE)	CLEARED



NULL BATCH!

Blit:
-----
  MRT[0x20ae000:0x0]:	480x272		FMT6_16_UNORM (MSAA_ONE)	CLEARED

Batch:
-------
  # of draws: 1
  mode: RM6_GMEM
  bin size: 768x320 (35 bins)
  DEPTHTEST DEPTHWRITE
  MRT[0x4715000:0x0]:	3840x2160		FMT6_Z24_UNORM_S8_UINT (MSAA_ONE)	CLEARED	RESOLVED



Blit:
-----
  MRT[0x27d1000:0x0]:	256x144		FMT6_16_UNORM (MSAA_ONE)	CLEARED



Blit:
-----
  MRT[0x28a0000:0x0]:	256x144		FMT6_16_UNORM (MSAA_ONE)	CLEARED

Batch:
-------
  # of draws: 2
  mode: RM6_GMEM
  bin size: 640x192 (18 bins)
  DEPTHTEST DEPTHWRITE
  MRT[0x28fc000:0x0]:	1920x1080		FMT6_Z24_UNORM_S8_UINT (MSAA_ONE)	CLEARED	RESOLVED
  MRT[0x18ae000:0x0]:	1920x1080		FMT6_8_8_8_8_UNORM (MSAA_ONE)	CLEARED	RESOLVED
  MRT[0x0:0x0]:	1920x1080		FMT6_8_8_8_8_UNORM (MSAA_ONE)	CLEARED	RESOLVED
  SRC[0x4715000:0x46f3000]:	3840x2160		FMT6_Z24_UNORM_S8_UINT (MSAA_ONE)


