meson setup -Dprefix=/usr -Dplatforms=wayland  -DSRCTOP=/usr/src -Dc_cpp_args=""  -Degl-native-platform=wayland -Dgallium-drivers=auto  -Dgallium-vdpau=disabled -Dvulkan-drivers="[]" -Dllvm=disabled  -Dgles1=enabled -Dgles2=enabled -Dopengl=false -Dglx=disabled  -Degl=enabled -Dlibunwind=disabled -Dlmsensors=disabled -Dbuild-tests=false  -Dzstd=disabled -Dzlib=enabled -Dvideo-codecs=all /usr/obj/usr/src/amd64.amd64/Frameworks/OpenGL/mesa-24.0.3 /usr/src/Frameworks/OpenGL/mesa-24.0.3
Directory already configured.

Just run your build command (e.g. ninja) and Meson will regenerate as necessary.
Run "meson setup --reconfigure to force Meson to regenerate.

If build failures persist, run "meson setup --wipe" to rebuild from scratch
using the same options as passed when configuring the build.
sed -i.bak -e 's@-I/usr/include@@g' /usr/obj/usr/src/amd64.amd64/Frameworks/OpenGL/mesa-24.0.3/build.ninja
ninja
[1/1946] Compiling C object src/util/libmesa_util.a.p/meson-generated_.._format_srgb.c.o
[2/1946] Compiling C object src/util/libmesa_util.a.p/anon_file.c.o
[3/1946] Compiling C object src/util/libmesa_util.a.p/bitscan.c.o
[4/1946] Compiling C object src/util/libmesa_util.a.p/build_id.c.o
[5/1946] Compiling C object src/util/libmesa_util.a.p/compress.c.o
[6/1946] Compiling C object src/util/libmesa_util.a.p/crc32.c.o
[7/1946] Compiling C object src/util/libmesa_util.a.p/dag.c.o
[8/1946] Compiling C object src/util/libmesa_util.a.p/disk_cache.c.o
[9/1946] Compiling C object src/util/libmesa_util.a.p/blob.c.o
[10/1946] Compiling C object src/util/libmesa_util.a.p/double.c.o
[11/1946] Compiling C object src/util/libmesa_util.a.p/half_float.c.o
[12/1946] Compiling C object src/util/libmesa_util.a.p/fast_idiv_by_const.c.o
[13/1946] Compiling C object src/util/libmesa_util.a.p/fossilize_db.c.o
[14/1946] Compiling C object src/util/libmesa_util.a.p/disk_cache_os.c.o
[15/1946] Compiling C object src/util/libmesa_util.a.p/futex.c.o
[16/1946] Compiling C object src/util/libmesa_util.a.p/u_idalloc.c.o
[17/1946] Compiling C object src/util/libmesa_util.a.p/log.c.o
[18/1946] Compiling C object src/util/libmesa_util.a.p/memstream.c.o
[19/1946] Compiling C object src/util/libmesa_util.a.p/mesa-sha1.c.o
[20/1946] Compiling C object src/util/libmesa_util.a.p/mesa-blake3.c.o
[21/1946] Compiling C object src/util/libmesa_util.a.p/os_time.c.o
[22/1946] Compiling C object src/util/libmesa_util.a.p/os_file.c.o
[23/1946] Compiling C object src/util/libmesa_util.a.p/os_memory_fd.c.o
[24/1946] Compiling C object src/util/libmesa_util.a.p/hash_table.c.o
[25/1946] Compiling C object src/util/libmesa_util.a.p/os_misc.c.o
[26/1946] Compiling C object src/util/libmesa_util.a.p/os_socket.c.o
[27/1946] Compiling C object src/util/libmesa_util.a.p/rwlock.c.o
[28/1946] Compiling C object src/util/libmesa_util.a.p/u_process.c.o
[29/1946] Compiling C object src/util/libmesa_util.a.p/perf_u_trace.c.o
[30/1946] Compiling C object src/util/libmesa_util.a.p/sha1_sha1.c.o
[31/1946] Compiling C object src/util/libmesa_util.a.p/rand_xor.c.o
[32/1946] Compiling C object src/util/libmesa_util.a.p/rb_tree.c.o
[33/1946] Compiling C object src/util/libmesa_util.a.p/ralloc.c.o
[34/1946] Compiling C object src/util/libmesa_util.a.p/simple_mtx.c.o
[35/1946] Compiling C object src/util/libmesa_util.a.p/slab.c.o
[36/1946] Compiling C object src/util/libmesa_util.a.p/set.c.o
[37/1946] Compiling C object src/util/libmesa_util.a.p/sparse_array.c.o
[38/1946] Compiling C object src/util/libmesa_util.a.p/string_buffer.c.o
[39/1946] Compiling C object src/util/libmesa_util.a.p/rgtc.c.o
[40/1946] Compiling C object src/util/libmesa_util.a.p/softfloat.c.o
[41/1946] Compiling C object src/util/libmesa_util.a.p/strtod.c.o
[42/1946] Compiling C object src/util/libmesa_util.a.p/register_allocate.c.o
[43/1946] Compiling C object src/util/libmesa_util.a.p/u_atomic.c.o
[44/1946] Compiling C object src/util/libmesa_util.a.p/u_call_once.c.o
[45/1946] Compiling C object src/util/libmesa_util.a.p/u_dynarray.c.o
[46/1946] Compiling C++ object src/util/libmesa_util.a.p/u_qsort.cpp.o
[47/1946] Compiling C object src/util/libmesa_util.a.p/u_dl.c.o
[48/1946] Compiling C object src/util/libmesa_util.a.p/u_hash_table.c.o
[49/1946] Compiling C object src/util/libmesa_util.a.p/u_thread.c.o
[50/1946] Compiling C object src/util/libmesa_util.a.p/u_vector.c.o
[51/1946] Compiling C object src/util/libmesa_util.a.p/u_queue.c.o
[52/1946] Compiling C object src/util/libmesa_util.a.p/u_mm.c.o
[53/1946] Compiling C object src/util/libmesa_util.a.p/u_debug.c.o
[54/1946] Compiling C object src/util/libmesa_util.a.p/u_math.c.o
[55/1946] Compiling C object src/util/libmesa_util.a.p/u_debug_memory.c.o
[56/1946] Compiling C object src/util/libmesa_util.a.p/u_printf.c.o
[57/1946] Compiling C object src/util/libmesa_util.a.p/u_cpu_detect.c.o
[58/1946] Compiling C object src/util/libmesa_util.a.p/u_worklist.c.o
[59/1946] Compiling C object src/util/libmesa_util.a.p/vl_zscan_data.c.o
[60/1946] Compiling C object src/util/libmesa_util.a.p/vma.c.o
[61/1946] Compiling C++ object src/util/libmesa_util.a.p/texcompress_astc_luts_wrap.cpp.o
[62/1946] Compiling C object src/util/libmesa_util.a.p/mesa_cache_db_multipart.c.o
[63/1946] Compiling C object src/util/libmesa_util.a.p/format_u_format_etc.c.o
[64/1946] Compiling C object src/util/libmesa_util.a.p/mesa_cache_db.c.o
[65/1946] Compiling C object src/util/libmesa_util.a.p/format_u_format_latc.c.o
[66/1946] Compiling C object src/util/libmesa_util.a.p/format_u_format.c.o
[67/1946] Compiling C object src/util/libmesa_util.a.p/format_u_format_other.c.o
[68/1946] Compiling C object src/util/libmesa_util.a.p/format_u_format_rgtc.c.o
[69/1946] Compiling C++ object src/util/libmesa_util.a.p/texcompress_astc_luts.cpp.o
[70/1946] Compiling C object src/util/libmesa_util.a.p/format_u_format_bptc.c.o
[71/1946] Compiling C object src/util/libmesa_util.a.p/format_u_format_fxt1.c.o
[72/1946] Compiling C object src/util/libmesa_util.a.p/format_u_format_unpack_neon.c.o
[73/1946] Compiling C object src/util/libmesa_util.a.p/u_debug_stack.c.o
[74/1946] Compiling C object src/util/libmesa_util.a.p/format_u_format_tests.c.o
[75/1946] Compiling C object src/util/libmesa_util.a.p/u_debug_symbol.c.o
[76/1946] Compiling C object src/util/libxmlconfig.a.p/xmlconfig.c.o
[77/1946] Linking static target src/util/libxmlconfig.a
[78/1946] Compiling C object src/util/libmesa_util.a.p/format_u_format_zs.c.o
[79/1946] Generating src/mapi/glapi/gen/enums.c with a custom command (wrapped by meson to capture output)
[80/1946] Compiling C object src/util/libmesa_util.a.p/format_u_format_s3tc.c.o
[81/1946] Compiling C object src/util/libmesa_util.a.p/format_u_format_yuv.c.o
[82/1946] Generating src/git_sha1.h with a custom command
[83/1946] Generating src/mapi/glapi/gen/api_exec_decl.h with a custom command (wrapped by meson to capture output)
[84/1946] Generating src/mapi/glapi/gen/api_exec_init.c with a custom command (wrapped by meson to capture output)
[85/1946] Generating src/mapi/glapi/gen/api_save_init.h with a custom command (wrapped by meson to capture output)
[86/1946] Generating src/mapi/glapi/gen/api_hw_select_init.h with a custom command (wrapped by meson to capture output)
[87/1946] Generating src/mapi/glapi/gen/api_beginend_init.h with a custom command (wrapped by meson to capture output)
[88/1946] Generating src/mapi/glapi/gen/api_save.h with a custom command (wrapped by meson to capture output)
[89/1946] Generating src/mapi/glapi/gen/marshal_generated0.c with a custom command (wrapped by meson to capture output)
[90/1946] Generating src/mapi/glapi/gen/marshal_generated2.c with a custom command (wrapped by meson to capture output)
[91/1946] Generating src/mapi/glapi/gen/unmarshal_table.c with a custom command (wrapped by meson to capture output)
[92/1946] Generating src/mapi/glapi/gen/marshal_generated1.c with a custom command (wrapped by meson to capture output)
[93/1946] Generating src/mapi/glapi/gen/marshal_generated3.c with a custom command (wrapped by meson to capture output)
[94/1946] Generating src/mapi/glapi/gen/marshal_generated4.c with a custom command (wrapped by meson to capture output)
[95/1946] Generating src/mapi/glapi/gen/marshal_generated5.c with a custom command (wrapped by meson to capture output)
[96/1946] Generating src/mapi/es1api/gles1.def with a custom command
[97/1946] Generating src/mapi/glapi/gen/marshal_generated6.c with a custom command (wrapped by meson to capture output)
[98/1946] Generating src/mapi/es2api/gles2.def with a custom command
[99/1946] Generating src/mapi/glapi/gen/marshal_generated7.c with a custom command (wrapped by meson to capture output)
[100/1946] Generating src/compiler/builtin_types.h with a custom command
[101/1946] Generating src/compiler/builtin_types.c with a custom command
[102/1946] Generating src/mapi/shared-glapi/shared_glapi_mapi_tmp.h with a custom command (wrapped by meson to capture output)
[103/1946] Generating src/compiler/ir_expression_operation.h with a custom command (wrapped by meson to capture output)
[104/1946] Compiling C object src/mapi/shared-glapi/libglapi.so.0.0.0.p/.._u_current.c.o
[105/1946] Generating src/compiler/nir/nir_builder_opcodes.h with a custom command (wrapped by meson to capture output)
[106/1946] Generating src/mapi/es2api/es2_glapi_mapi_tmp.h with a custom command (wrapped by meson to capture output)
[107/1946] Generating src/mapi/es1api/es1_glapi_mapi_tmp.h with a custom command (wrapped by meson to capture output)
[108/1946] Compiling C object src/mapi/shared-glapi/libglapi.so.0.0.0.p/glapi.c.o
[109/1946] Compiling C object src/mapi/shared-glapi/libglapi.so.0.0.0.p/table.c.o
[110/1946] Compiling C object src/mapi/es1api/libGLESv1_CM.so.1.1.0.p/.._entry.c.o
[111/1946] Compiling C object src/mapi/shared-glapi/libglapi.so.0.0.0.p/stub.c.o
[112/1946] Compiling C object src/compiler/libcompiler.a.p/meson-generated_.._builtin_types.c.o
[113/1946] Compiling C object src/compiler/libcompiler.a.p/shader_enums.c.o
[114/1946] Compiling C object src/mapi/es2api/libGLESv2.so.2.0.0.p/.._entry.c.o
[115/1946] Generating src/compiler/nir/nir_opcodes.h with a custom command (wrapped by meson to capture output)
[116/1946] Generating src/compiler/nir/nir_constant_expressions.c with a custom command (wrapped by meson to capture output)
[117/1946] Generating src/compiler/nir/nir_intrinsics.h with a custom command
[118/1946] Generating src/compiler/nir/nir_intrinsics_indices.h with a custom command
[119/1946] Generating src/compiler/nir/nir_intrinsic.c with a custom command
[120/1946] Generating src/compiler/nir/nir_opcodes.c with a custom command (wrapped by meson to capture output)
[121/1946] Compiling C object src/compiler/libcompiler.a.p/glsl_types.c.o
[122/1946] Compiling C object src/compiler/nir/libnir.a.p/meson-generated_.._nir_opcodes.c.o
[123/1946] Linking static target src/compiler/libcompiler.a
[124/1946] Compiling C object src/compiler/nir/libnir.a.p/meson-generated_.._nir_intrinsics.c.o
[125/1946] Compiling C object src/compiler/nir/libnir.a.p/nir_builder.c.o
[126/1946] Compiling C object src/mapi/shared-glapi/libglapi.so.0.0.0.p/.._entry.c.o
[127/1946] Compiling C object src/compiler/nir/libnir.a.p/nir_builtin_builder.c.o
[128/1946] Compiling C object src/compiler/nir/libnir.a.p/nir_clone.c.o
[129/1946] Compiling C object src/compiler/nir/libnir.a.p/nir.c.o
[130/1946] Compiling C object src/compiler/nir/libnir.a.p/nir_control_flow.c.o
[131/1946] Compiling C object src/compiler/nir/libnir.a.p/nir_divergence_analysis.c.o
[132/1946] Compiling C object src/compiler/nir/libnir.a.p/nir_dominance.c.o
[133/1946] Compiling C object src/compiler/nir/libnir.a.p/nir_deref.c.o
[134/1946] Compiling C object src/compiler/nir/libnir.a.p/nir_functions.c.o
[135/1946] Compiling C object src/compiler/nir/libnir.a.p/nir_from_ssa.c.o
[136/1946] Compiling C object src/compiler/nir/libnir.a.p/nir_gather_types.c.o
[137/1946] Compiling C object src/compiler/nir/libnir.a.p/nir_gather_xfb_info.c.o
[138/1946] Compiling C object src/compiler/nir/libnir.a.p/nir_gather_info.c.o
[139/1946] Compiling C object src/compiler/nir/libnir.a.p/nir_gs_count_vertices.c.o
[140/1946] Compiling C object src/compiler/nir/libnir.a.p/nir_group_loads.c.o
[141/1946] Compiling C object src/compiler/nir/libnir.a.p/nir_inline_uniforms.c.o
[142/1946] Compiling C object src/compiler/nir/libnir.a.p/nir_instr_set.c.o
[143/1946] Compiling C object src/compiler/nir/libnir.a.p/nir_legacy.c.o
[144/1946] Compiling C object src/compiler/nir/libnir.a.p/nir_liveness.c.o
[145/1946] Compiling C object src/compiler/nir/libnir.a.p/nir_linking_helpers.c.o
[146/1946] Compiling C object src/compiler/nir/libnir.a.p/nir_lower_alu.c.o
[147/1946] Compiling C object src/compiler/nir/libnir.a.p/nir_lower_alu_width.c.o
[148/1946] Compiling C object src/compiler/nir/libnir.a.p/nir_lower_alpha_test.c.o
[149/1946] Compiling C object src/compiler/nir/libnir.a.p/nir_loop_analyze.c.o
[150/1946] Compiling C object src/compiler/nir/libnir.a.p/nir_lower_amul.c.o
[151/1946] Compiling C object src/compiler/nir/libnir.a.p/nir_lower_array_deref_of_vec.c.o
[152/1946] Compiling C object src/compiler/nir/libnir.a.p/nir_lower_atomics_to_ssbo.c.o
[153/1946] Compiling C object src/compiler/nir/libnir.a.p/nir_lower_bitmap.c.o
[154/1946] Compiling C object src/compiler/nir/libnir.a.p/nir_lower_bool_to_bitsize.c.o
[155/1946] Compiling C object src/util/libmesa_util.a.p/meson-generated_.._format_u_format_table.c.o
[156/1946] Compiling C object src/compiler/nir/libnir.a.p/nir_lower_blend.c.o
[157/1946] Compiling C object src/compiler/nir/libnir.a.p/nir_lower_bool_to_float.c.o
[158/1946] Linking static target src/util/libmesa_util.a
[159/1946] Compiling C object src/compiler/nir/libnir.a.p/nir_lower_bool_to_int32.c.o
[160/1946] Linking target src/mapi/shared-glapi/libglapi.so.0.0.0
[161/1946] Compiling C object src/compiler/nir/libnir.a.p/nir_lower_clamp_color_outputs.c.o
[162/1946] Compiling C object src/compiler/nir/libnir.a.p/nir_lower_cl_images.c.o
[163/1946] Generating symbol file src/mapi/shared-glapi/libglapi.so.0.0.0.p/libglapi.so.0.0.0.symbols
[164/1946] Compiling C object src/compiler/nir/libnir.a.p/nir_lower_clip.c.o
[165/1946] Compiling C object src/compiler/nir/libnir.a.p/nir_lower_clip_cull_distance_arrays.c.o
[166/1946] Compiling C object src/compiler/nir/libnir.a.p/nir_lower_clip_disable.c.o
[167/1946] Linking target src/mapi/es1api/libGLESv1_CM.so.1.1.0
[168/1946] Linking target src/mapi/es2api/libGLESv2.so.2.0.0
[169/1946] Compiling C object src/compiler/nir/libnir.a.p/nir_lower_clip_halfz.c.o
[170/1946] Compiling C object src/compiler/nir/libnir.a.p/nir_lower_const_arrays_to_uniforms.c.o
[171/1946] Compiling C object src/compiler/nir/libnir.a.p/nir_lower_continue_constructs.c.o
[172/1946] Compiling C object src/compiler/nir/libnir.a.p/nir_lower_discard_or_demote.c.o
[173/1946] Compiling C object src/compiler/nir/libnir.a.p/nir_lower_variable_initializers.c.o
[174/1946] Compiling C object src/compiler/nir/libnir.a.p/nir_lower_convert_alu_types.c.o
[175/1946] Compiling C object src/compiler/nir/libnir.a.p/nir_lower_discard_if.c.o
[176/1946] Compiling C object src/compiler/nir/libnir.a.p/nir_lower_drawpixels.c.o
[177/1946] Compiling C object src/compiler/nir/libnir.a.p/nir_lower_double_ops.c.o
[178/1946] Compiling C object src/compiler/nir/libnir.a.p/nir_lower_flatshade.c.o
[179/1946] Compiling C object src/compiler/nir/libnir.a.p/nir_lower_fb_read.c.o
[180/1946] Compiling C object src/compiler/nir/libnir.a.p/nir_lower_fragcoord_wtrans.c.o
[181/1946] Compiling C object src/compiler/nir/libnir.a.p/nir_lower_flrp.c.o
[182/1946] Compiling C object src/compiler/nir/libnir.a.p/nir_lower_frag_coord_to_pixel_coord.c.o
[183/1946] Compiling C object src/compiler/nir/libnir.a.p/nir_lower_fp16_conv.c.o
[184/1946] Compiling C object src/compiler/nir/libnir.a.p/nir_lower_fragcolor.c.o
[185/1946] Compiling C object src/compiler/nir/libnir.a.p/nir_lower_global_vars_to_local.c.o
[186/1946] Compiling C object src/compiler/nir/libnir.a.p/nir_lower_frexp.c.o
[187/1946] Compiling C object src/compiler/nir/libnir.a.p/nir_lower_helper_writes.c.o
[188/1946] Compiling C object src/compiler/nir/libnir.a.p/nir_lower_goto_ifs.c.o
[189/1946] Compiling C object src/compiler/nir/libnir.a.p/nir_lower_gs_intrinsics.c.o
[190/1946] Compiling C object src/compiler/nir/libnir.a.p/nir_lower_load_const_to_scalar.c.o
[191/1946] Compiling C object src/compiler/nir/libnir.a.p/nir_lower_idiv.c.o
[192/1946] Compiling C object src/compiler/nir/libnir.a.p/meson-generated_.._nir_constant_expressions.c.o
[193/1946] Compiling C object src/compiler/nir/libnir.a.p/nir_lower_image.c.o
[194/1946] Compiling C object src/compiler/nir/libnir.a.p/nir_lower_image_atomics_to_global.c.o
[195/1946] Compiling C object src/compiler/nir/libnir.a.p/nir_lower_locals_to_regs.c.o
[196/1946] Compiling C object src/compiler/nir/libnir.a.p/nir_lower_input_attachments.c.o
[197/1946] Compiling C object src/compiler/nir/libnir.a.p/nir_lower_interpolation.c.o
[198/1946] Compiling C object src/compiler/nir/libnir.a.p/nir_lower_int_to_float.c.o
[199/1946] Compiling C object src/compiler/nir/libnir.a.p/nir_lower_indirect_derefs.c.o
[200/1946] Compiling C object src/compiler/nir/libnir.a.p/nir_lower_int64.c.o
[201/1946] Compiling C object src/compiler/nir/libnir.a.p/nir_lower_io_arrays_to_elements.c.o
[202/1946] Compiling C object src/compiler/nir/libnir.a.p/nir_lower_io_to_temporaries.c.o
[203/1946] Compiling C object src/compiler/nir/libnir.a.p/nir_lower_io_to_scalar.c.o
[204/1946] Compiling C object src/compiler/nir/libnir.a.p/nir_lower_is_helper_invocation.c.o
[205/1946] Compiling C object src/compiler/nir/libnir.a.p/nir_lower_multiview.c.o
[206/1946] Compiling C object src/compiler/nir/libnir.a.p/nir_lower_mediump.c.o
[207/1946] Compiling C object src/compiler/nir/libnir.a.p/nir_lower_mem_access_bit_sizes.c.o
[208/1946] Compiling C object src/compiler/nir/libnir.a.p/nir_lower_io_to_vector.c.o
[209/1946] Compiling C object src/compiler/nir/libnir.a.p/nir_lower_memcpy.c.o
[210/1946] Compiling C object src/compiler/nir/libnir.a.p/nir_lower_memory_model.c.o
[211/1946] Compiling C object src/compiler/nir/libnir.a.p/nir_lower_non_uniform_access.c.o
[212/1946] Compiling C object src/compiler/nir/libnir.a.p/nir_lower_packing.c.o
[213/1946] Compiling C object src/compiler/nir/libnir.a.p/nir_lower_patch_vertices.c.o
[214/1946] Compiling C object src/compiler/nir/libnir.a.p/nir_lower_phis_to_scalar.c.o
[215/1946] Compiling C object src/compiler/nir/libnir.a.p/nir_lower_passthrough_edgeflags.c.o
[216/1946] Compiling C object src/compiler/nir/libnir.a.p/nir_lower_point_size.c.o
[217/1946] Compiling C object src/compiler/nir/libnir.a.p/nir_lower_pntc_ytransform.c.o
[218/1946] Compiling C object src/compiler/nir/libnir.a.p/nir_lower_point_size_mov.c.o
[219/1946] Compiling C object src/compiler/nir/libnir.a.p/nir_lower_point_smooth.c.o
[220/1946] Compiling C object src/compiler/nir/libnir.a.p/nir_lower_io.c.o
[221/1946] Compiling C object src/compiler/nir/libnir.a.p/nir_lower_poly_line_smooth.c.o
[222/1946] Compiling C object src/compiler/nir/libnir.a.p/nir_lower_printf.c.o
[223/1946] Compiling C object src/compiler/nir/libnir.a.p/nir_lower_reg_intrinsics_to_ssa.c.o
[224/1946] Compiling C object src/compiler/nir/libnir.a.p/nir_lower_returns.c.o
[225/1946] Compiling C object src/compiler/nir/libnir.a.p/nir_lower_readonly_images_to_tex.c.o
[226/1946] Compiling C object src/compiler/nir/libnir.a.p/nir_lower_samplers.c.o
[227/1946] Compiling C object src/compiler/nir/libnir.a.p/nir_lower_scratch.c.o
[228/1946] Compiling C object src/compiler/nir/libnir.a.p/nir_lower_robust_access.c.o
[229/1946] Compiling C object src/compiler/nir/libnir.a.p/nir_lower_single_sampled.c.o
[230/1946] Compiling C object src/compiler/nir/libnir.a.p/nir_lower_ssbo.c.o
[231/1946] Compiling C object src/compiler/nir/libnir.a.p/nir_lower_tess_coord_z.c.o
[232/1946] Compiling C object src/compiler/nir/libnir.a.p/nir_lower_system_values.c.o
[233/1946] Compiling C object src/compiler/nir/libnir.a.p/nir_lower_subgroups.c.o
[234/1946] Compiling C object src/compiler/nir/libnir.a.p/nir_lower_task_shader.c.o
[235/1946] Compiling C object src/compiler/nir/libnir.a.p/nir_lower_tex_shadow.c.o
[236/1946] Compiling C object src/compiler/nir/libnir.a.p/nir_lower_texcoord_replace.c.o
[237/1946] Compiling C object src/compiler/nir/libnir.a.p/nir_lower_texcoord_replace_late.c.o
[238/1946] Compiling C object src/compiler/nir/libnir.a.p/nir_lower_two_sided_color.c.o
[239/1946] Compiling C object src/compiler/nir/libnir.a.p/nir_lower_undef_to_zero.c.o
[240/1946] Compiling C object src/compiler/nir/libnir.a.p/nir_lower_shader_calls.c.o
[241/1946] Compiling C object src/compiler/nir/libnir.a.p/nir_lower_var_copies.c.o
[242/1946] Compiling C object src/compiler/nir/libnir.a.p/nir_lower_vars_to_ssa.c.o
[243/1946] Compiling C object src/compiler/nir/libnir.a.p/nir_lower_vec3_to_vec4.c.o
[244/1946] Compiling C object src/compiler/nir/libnir.a.p/nir_lower_vec_to_regs.c.o
[245/1946] Compiling C object src/compiler/nir/libnir.a.p/nir_lower_tex.c.o
[246/1946] Compiling C object src/compiler/nir/libnir.a.p/nir_lower_wpos_center.c.o
[247/1946] Compiling C object src/compiler/nir/libnir.a.p/nir_lower_viewport_transform.c.o
[248/1946] Compiling C object src/compiler/nir/libnir.a.p/nir_lower_wpos_ytransform.c.o
[249/1946] Compiling C object src/compiler/nir/libnir.a.p/nir_lower_wrmasks.c.o
[250/1946] Compiling C object src/compiler/nir/libnir.a.p/nir_lower_ubo_vec4.c.o
[251/1946] Compiling C object src/compiler/nir/libnir.a.p/nir_lower_bit_size.c.o
[252/1946] Compiling C object src/compiler/nir/libnir.a.p/nir_metadata.c.o
[253/1946] Compiling C object src/compiler/nir/libnir.a.p/nir_lower_uniforms_to_ubo.c.o
[254/1946] Compiling C object src/compiler/nir/libnir.a.p/nir_lower_sysvals_to_varyings.c.o
[255/1946] Compiling C object src/compiler/nir/libnir.a.p/nir_mod_analysis.c.o
[256/1946] Compiling C object src/compiler/nir/libnir.a.p/nir_move_vec_src_uses_to_dest.c.o
[257/1946] Compiling C object src/compiler/nir/libnir.a.p/nir_opt_access.c.o
[258/1946] Compiling C object src/compiler/nir/libnir.a.p/nir_opt_barriers.c.o
[259/1946] Compiling C object src/compiler/nir/libnir.a.p/nir_normalize_cubemap_coords.c.o
[260/1946] Compiling C object src/compiler/nir/libnir.a.p/nir_opt_conditional_discard.c.o
[261/1946] Compiling C object src/compiler/nir/libnir.a.p/nir_opt_comparison_pre.c.o
[262/1946] Compiling C object src/compiler/nir/libnir.a.p/nir_opt_constant_folding.c.o
[263/1946] Compiling C object src/compiler/nir/libnir.a.p/nir_opt_cse.c.o
[264/1946] Compiling C object src/compiler/nir/libnir.a.p/nir_opt_combine_stores.c.o
[265/1946] Compiling C object src/compiler/nir/libnir.a.p/nir_opt_dce.c.o
[266/1946] Compiling C object src/compiler/nir/libnir.a.p/nir_opt_copy_propagate.c.o
[267/1946] Compiling C object src/compiler/nir/libnir.a.p/nir_opt_dead_cf.c.o
[268/1946] Compiling C object src/compiler/nir/libnir.a.p/nir_opt_dead_write_vars.c.o
[269/1946] Compiling C object src/compiler/nir/libnir.a.p/nir_opt_fragdepth.c.o
[270/1946] Compiling C object src/compiler/nir/libnir.a.p/nir_opt_find_array_copies.c.o
[271/1946] Compiling C object src/compiler/nir/libnir.a.p/nir_opt_copy_prop_vars.c.o
[272/1946] Compiling C object src/compiler/nir/libnir.a.p/nir_opt_gcm.c.o
[273/1946] Compiling C object src/compiler/nir/libnir.a.p/nir_opt_intrinsics.c.o
[274/1946] Compiling C object src/compiler/nir/libnir.a.p/nir_opt_idiv_const.c.o
[275/1946] Compiling C object src/compiler/nir/libnir.a.p/nir_opt_loop.c.o
[276/1946] Compiling C object src/compiler/nir/libnir.a.p/nir_opt_large_constants.c.o
[277/1946] Compiling C object src/compiler/nir/libnir.a.p/nir_opt_if.c.o
[278/1946] Compiling C object src/compiler/nir/libnir.a.p/nir_opt_move.c.o
[279/1946] Compiling C object src/compiler/nir/libnir.a.p/nir_opt_move_discards_to_top.c.o
[280/1946] Compiling C object src/compiler/nir/libnir.a.p/nir_opt_loop_unroll.c.o
[281/1946] Compiling C object src/compiler/nir/libnir.a.p/nir_opt_memcpy.c.o
[282/1946] Compiling C object src/compiler/nir/libnir.a.p/nir_opt_load_store_vectorize.c.o
[283/1946] Compiling C object src/compiler/nir/libnir.a.p/nir_opt_non_uniform_access.c.o
[284/1946] Compiling C object src/compiler/nir/libnir.a.p/nir_opt_offsets.c.o
[285/1946] Compiling C object src/compiler/nir/libnir.a.p/nir_opt_phi_precision.c.o
[286/1946] Compiling C object src/compiler/nir/libnir.a.p/nir_opt_peephole_select.c.o
[287/1946] Compiling C object src/compiler/nir/libnir.a.p/nir_opt_ray_queries.c.o
[288/1946] Compiling C object src/compiler/nir/libnir.a.p/nir_opt_reuse_constants.c.o
[289/1946] Compiling C object src/compiler/nir/libnir.a.p/nir_opt_preamble.c.o
[290/1946] Compiling C object src/compiler/nir/libnir.a.p/nir_opt_reassociate_bfi.c.o
[291/1946] Compiling C object src/compiler/nir/libnir.a.p/nir_opt_rematerialize_compares.c.o
[292/1946] Compiling C object src/compiler/nir/libnir.a.p/nir_opt_shrink_stores.c.o
[293/1946] Compiling C object src/compiler/nir/libnir.a.p/nir_opt_remove_phis.c.o
[294/1946] Compiling C object src/compiler/nir/libnir.a.p/nir_opt_sink.c.o
[295/1946] Compiling C object src/compiler/nir/libnir.a.p/nir_opt_undef.c.o
[296/1946] Compiling C object src/compiler/nir/libnir.a.p/nir_opt_shrink_vectors.c.o
[297/1946] Compiling C object src/compiler/nir/libnir.a.p/nir_opt_uniform_atomics.c.o
[298/1946] Compiling C object src/compiler/nir/libnir.a.p/nir_phi_builder.c.o
[299/1946] Compiling C object src/compiler/nir/libnir.a.p/nir_passthrough_tcs.c.o
[300/1946] Compiling C object src/compiler/nir/libnir.a.p/nir_passthrough_gs.c.o
[301/1946] Compiling C object src/compiler/nir/libnir.a.p/nir_opt_vectorize.c.o
[302/1946] Compiling C object src/compiler/nir/libnir.a.p/nir_propagate_invariant.c.o
[303/1946] Compiling C object src/compiler/nir/libnir.a.p/nir_remove_dead_variables.c.o
[304/1946] Compiling C object src/compiler/nir/libnir.a.p/nir_remove_tex_shadow.c.o
[305/1946] Compiling C object src/compiler/nir/libnir.a.p/nir_repair_ssa.c.o
[306/1946] Compiling C object src/compiler/nir/libnir.a.p/nir_range_analysis.c.o
[307/1946] Compiling C object src/compiler/nir/libnir.a.p/nir_scale_fdiv.c.o
[308/1946] Compiling C object src/compiler/nir/libnir.a.p/nir_print.c.o
[309/1946] Compiling C object src/compiler/nir/libnir.a.p/nir_schedule.c.o
[310/1946] Compiling C object src/compiler/nir/libnir.a.p/nir_search.c.o
[311/1946] Compiling C object src/compiler/nir/libnir.a.p/nir_split_per_member_structs.c.o
[312/1946] Compiling C object src/compiler/nir/libnir.a.p/nir_split_64bit_vec3_and_vec4.c.o
[313/1946] Compiling C object src/compiler/nir/libnir.a.p/nir_split_var_copies.c.o
[314/1946] Compiling C object src/compiler/nir/libnir.a.p/nir_to_lcssa.c.o
[315/1946] Compiling C object src/compiler/nir/libnir.a.p/nir_sweep.c.o
[316/1946] Compiling C object src/compiler/nir/libnir.a.p/nir_serialize.c.o
[317/1946] Generating src/compiler/spirv/vtn_gather_types.c with a custom command
[318/1946] Compiling C object src/compiler/nir/libnir.a.p/nir_trivialize_registers.c.o
[319/1946] Generating src/compiler/spirv/spirv_info.c with a custom command
[320/1946] Generating src/compiler/spirv/vtn_generator_ids.h with a custom command
[321/1946] Compiling C object src/compiler/nir/libnir.a.p/nir_worklist.c.o
[322/1946] Compiling C object src/compiler/nir/libnir.a.p/nir_split_vars.c.o
[323/1946] Compiling C object src/compiler/spirv/libvtn.a.p/meson-generated_.._spirv_info.c.o
[324/1946] Compiling C object src/compiler/spirv/libvtn.a.p/meson-generated_.._vtn_gather_types.c.o
[325/1946] Compiling C object src/compiler/nir/libnir.a.p/nir_validate.c.o
[326/1946] Compiling C object src/compiler/spirv/libvtn.a.p/gl_spirv.c.o
[327/1946] Generating src/compiler/nir/nir_opt_algebraic.c with a custom command (wrapped by meson to capture output)
[328/1946] Compiling C object src/compiler/spirv/libvtn.a.p/vtn_amd.c.o
[329/1946] Generating src/compiler/glsl/glcpp/glcpp-parse.[ch] with a custom command
[330/1946] Compiling C object src/compiler/spirv/libvtn.a.p/vtn_alu.c.o
[331/1946] Compiling C object src/compiler/spirv/libvtn.a.p/vtn_cfg.c.o
[332/1946] Compiling C object src/compiler/spirv/libvtn.a.p/vtn_cmat.c.o
[333/1946] Compiling C object src/compiler/spirv/libvtn.a.p/vtn_glsl450.c.o
[334/1946] Compiling C object src/compiler/spirv/libvtn.a.p/vtn_subgroup.c.o
[335/1946] Compiling C object src/compiler/spirv/libvtn.a.p/vtn_opencl.c.o
[336/1946] Compiling C object src/compiler/spirv/libvtn.a.p/vtn_structured_cfg.c.o
[337/1946] Generating src/compiler/glsl/glcpp/glcpp-lex.c with a custom command
[338/1946] Compiling C object src/compiler/spirv/libvtn.a.p/spirv_to_nir.c.o
[339/1946] Compiling C object src/compiler/glsl/glcpp/libglcpp.a.p/pp.c.o
[340/1946] Compiling C object src/compiler/spirv/libvtn.a.p/vtn_variables.c.o
[341/1946] Compiling C object src/compiler/glsl/glcpp/libglcpp.a.p/meson-generated_.._glcpp-parse.c.o
[342/1946] Generating src/compiler/glsl/glsl_lexer_cpp with a custom command
[343/1946] Compiling C object src/compiler/glsl/glcpp/libglcpp.a.p/meson-generated_.._glcpp-lex.c.o
[344/1946] Linking static target src/compiler/spirv/libvtn.a
[345/1946] Linking static target src/compiler/glsl/glcpp/libglcpp.a
[346/1946] Generating src/compiler/glsl/cross_platform_settings_piece_all.h with a custom command
[347/1946] Generating src/compiler/glsl/float64_glsl.h with a custom command
[348/1946] Generating src/compiler/glsl/ir_expression_operation_constant.h with a custom command (wrapped by meson to capture output)
[349/1946] Generating src/compiler/glsl/ir_expression_operation_strings.h with a custom command (wrapped by meson to capture output)
[350/1946] Generating src/compiler/glsl/bc1_glsl.h with a custom command
[351/1946] Generating src/compiler/glsl/bc4_glsl.h with a custom command
[352/1946] Generating src/compiler/glsl/etc2_rgba_stitch_glsl.h with a custom command
[353/1946] Generating src/egl/wayland/wayland-drm/wayland-drm-protocol.c with a custom command
[354/1946] Generating src/egl/wayland/wayland-drm/linux-dmabuf-unstable-v1-protocol.c with a custom command
[355/1946] Generating src/egl/wayland/wayland-drm/wayland-drm-server-protocol.h with a custom command
[356/1946] Generating src/egl/wayland/wayland-drm/linux-dmabuf-unstable-v1-client-protocol.h with a custom command
[357/1946] Generating src/egl/wayland/wayland-drm/wayland-drm-client-protocol.h with a custom command
[358/1946] Compiling C object src/egl/wayland/wayland-drm/libwayland_drm.a.p/meson-generated_.._wayland-drm-protocol.c.o
FAILED: src/egl/wayland/wayland-drm/libwayland_drm.a.p/meson-generated_.._wayland-drm-protocol.c.o 
cc -Isrc/egl/wayland/wayland-drm/libwayland_drm.a.p -Isrc/egl/wayland/wayland-drm -I../../../../../../../src/Frameworks/OpenGL/mesa-24.0.3/src/egl/wayland/wayland-drm -fvisibility=hidden -fdiagnostics-color=always -D_FILE_OFFSET_BITS=64 -Wall -Winvalid-pch -std=c11 -O2 -g -D__STDC_CONSTANT_MACROS -D__STDC_FORMAT_MACROS -D__STDC_LIMIT_MACROS '-DPACKAGE_VERSION="24.0.3"' '-DPACKAGE_BUGREPORT="https://gitlab.freedesktop.org/mesa/mesa/-/issues"' -DHAVE_OPENGL=0 -DHAVE_OPENGL_ES_1=1 -DHAVE_OPENGL_ES_2=1 -DHAVE_R300 -DHAVE_R600 -DHAVE_RADEONSI -DHAVE_NOUVEAU -DHAVE_VIRGL -DHAVE_SVGA -DHAVE_SWRAST -DHAVE_IRIS -DHAVE_CROCUS -DHAVE_I915 -DUSE_VK_COMPILER=0 -DVIDEO_CODEC_VC1DEC=1 -DVIDEO_CODEC_H264DEC=1 -DVIDEO_CODEC_H264ENC=1 -DVIDEO_CODEC_H265DEC=1 -DVIDEO_CODEC_H265ENC=1 -DVIDEO_CODEC_AV1DEC=1 -DVIDEO_CODEC_AV1ENC=1 -DVIDEO_CODEC_VP9DEC=1 -DHAVE_WAYLAND_PLATFORM -DHAVE_SURFACELESS_PLATFORM -DHAVE_DRM_PLATFORM -DENABLE_ST_OMX_BELLAGIO=0 -DENABLE_ST_OMX_TIZONIA=0 -DGLAPI_EXPORT_PROTO_ENTRY_POINTS=1 -DALLOW_KCMP -DETIME=ETIMEDOUT -DENABLE_SHADER_CACHE -DHAVE___BUILTIN_BSWAP32 -DHAVE___BUILTIN_BSWAP64 -DHAVE___BUILTIN_CLZ -DHAVE___BUILTIN_CLZLL -DHAVE___BUILTIN_CTZ -DHAVE___BUILTIN_EXPECT -DHAVE___BUILTIN_FFS -DHAVE___BUILTIN_FFSLL -DHAVE___BUILTIN_POPCOUNT -DHAVE___BUILTIN_POPCOUNTLL -DHAVE___BUILTIN_UNREACHABLE -DHAVE___BUILTIN_TYPES_COMPATIBLE_P -DHAVE_FUNC_ATTRIBUTE_CONST -DHAVE_FUNC_ATTRIBUTE_FLATTEN -DHAVE_FUNC_ATTRIBUTE_MALLOC -DHAVE_FUNC_ATTRIBUTE_PURE -DHAVE_FUNC_ATTRIBUTE_UNUSED -DHAVE_FUNC_ATTRIBUTE_WARN_UNUSED_RESULT -DHAVE_FUNC_ATTRIBUTE_WEAK -DHAVE_FUNC_ATTRIBUTE_FORMAT -DHAVE_FUNC_ATTRIBUTE_PACKED -DHAVE_FUNC_ATTRIBUTE_RETURNS_NONNULL -DHAVE_FUNC_ATTRIBUTE_ALIAS -DHAVE_FUNC_ATTRIBUTE_NORETURN -DHAVE_FUNC_ATTRIBUTE_VISIBILITY -DHAVE_UINT128 -DHAVE_REALLOCARRAY -DHAVE_FMEMOPEN -D_GNU_SOURCE -DUSE_SSE41 -DHAVE___BUILTIN_IA32_CLFLUSHOPT -DUSE_GCC_ATOMIC_BUILTINS -DUSE_X86_64_ASM -DHAS_SCHED_H -DHAS_SCHED_GETAFFINITY -DHAVE_SYS_SYSCTL_H -DHAVE_XLOCALE_H -DHAVE_ENDIAN_H -DHAVE_DLFCN_H -DHAVE_SYS_SHM_H -DHAVE_CET_H -DHAVE_PTHREAD_NP_H -DHAVE_STRTOF -DHAVE_MKOSTEMP -DHAVE_MEMFD_CREATE -DHAVE_FLOCK -DHAVE_STRTOK_R -DHAVE_GETRANDOM -DHAVE_QSORT_S -DHAVE_POSIX_FALLOCATE -DHAVE_SECURE_GETENV -DHAVE_GNU_QSORT_R -DHAVE_STRUCT_TIMESPEC -DHAVE_POSIX_MEMALIGN -DHAVE_DIRENT_D_TYPE -DHAVE_STRTOD_L -DHAVE_DLADDR -DHAVE_DL_ITERATE_PHDR -DSUPPORT_INTEL_INTEGRATED_GPUS -DHAVE_ZLIB -DHAVE_COMPRESSION -DHAVE_PTHREAD -DHAVE_LIBDRM -DLLVM_AVAILABLE=0 -DDRAW_LLVM_AVAILABLE=0 -DUSE_LIBELF -DWL_HIDE_DEPRECATED -DHAVE_DRI -DHAVE_DRI2 -DHAVE_DRI3 -DHAVE_DRISW_KMS -Werror=implicit-function-declaration -Werror=missing-prototypes -Werror=return-type -Werror=empty-body -Werror=incompatible-pointer-types -Werror=int-conversion -Wimplicit-fallthrough -Wmisleading-indentation -Wno-missing-field-initializers -fno-math-errno -fno-trapping-math -Qunused-arguments -fno-common -Wno-unknown-pragmas -Wno-microsoft-enum-value -Wno-unused-function -Werror=format -Wformat-security -ffunction-sections -fdata-sections -fPIC -MD -MQ src/egl/wayland/wayland-drm/libwayland_drm.a.p/meson-generated_.._wayland-drm-protocol.c.o -MF src/egl/wayland/wayland-drm/libwayland_drm.a.p/meson-generated_.._wayland-drm-protocol.c.o.d -o src/egl/wayland/wayland-drm/libwayland_drm.a.p/meson-generated_.._wayland-drm-protocol.c.o -c src/egl/wayland/wayland-drm/wayland-drm-protocol.c
src/egl/wayland/wayland-drm/wayland-drm-protocol.c:31:10: fatal error: 'wayland-util.h' file not found
   31 | #include "wayland-util.h"
      |          ^~~~~~~~~~~~~~~~
1 error generated.
[359/1946] Compiling C object src/egl/wayland/wayland-drm/libwayland_drm.a.p/wayland-drm.c.o
FAILED: src/egl/wayland/wayland-drm/libwayland_drm.a.p/wayland-drm.c.o 
cc -Isrc/egl/wayland/wayland-drm/libwayland_drm.a.p -Isrc/egl/wayland/wayland-drm -I../../../../../../../src/Frameworks/OpenGL/mesa-24.0.3/src/egl/wayland/wayland-drm -fvisibility=hidden -fdiagnostics-color=always -D_FILE_OFFSET_BITS=64 -Wall -Winvalid-pch -std=c11 -O2 -g -D__STDC_CONSTANT_MACROS -D__STDC_FORMAT_MACROS -D__STDC_LIMIT_MACROS '-DPACKAGE_VERSION="24.0.3"' '-DPACKAGE_BUGREPORT="https://gitlab.freedesktop.org/mesa/mesa/-/issues"' -DHAVE_OPENGL=0 -DHAVE_OPENGL_ES_1=1 -DHAVE_OPENGL_ES_2=1 -DHAVE_R300 -DHAVE_R600 -DHAVE_RADEONSI -DHAVE_NOUVEAU -DHAVE_VIRGL -DHAVE_SVGA -DHAVE_SWRAST -DHAVE_IRIS -DHAVE_CROCUS -DHAVE_I915 -DUSE_VK_COMPILER=0 -DVIDEO_CODEC_VC1DEC=1 -DVIDEO_CODEC_H264DEC=1 -DVIDEO_CODEC_H264ENC=1 -DVIDEO_CODEC_H265DEC=1 -DVIDEO_CODEC_H265ENC=1 -DVIDEO_CODEC_AV1DEC=1 -DVIDEO_CODEC_AV1ENC=1 -DVIDEO_CODEC_VP9DEC=1 -DHAVE_WAYLAND_PLATFORM -DHAVE_SURFACELESS_PLATFORM -DHAVE_DRM_PLATFORM -DENABLE_ST_OMX_BELLAGIO=0 -DENABLE_ST_OMX_TIZONIA=0 -DGLAPI_EXPORT_PROTO_ENTRY_POINTS=1 -DALLOW_KCMP -DETIME=ETIMEDOUT -DENABLE_SHADER_CACHE -DHAVE___BUILTIN_BSWAP32 -DHAVE___BUILTIN_BSWAP64 -DHAVE___BUILTIN_CLZ -DHAVE___BUILTIN_CLZLL -DHAVE___BUILTIN_CTZ -DHAVE___BUILTIN_EXPECT -DHAVE___BUILTIN_FFS -DHAVE___BUILTIN_FFSLL -DHAVE___BUILTIN_POPCOUNT -DHAVE___BUILTIN_POPCOUNTLL -DHAVE___BUILTIN_UNREACHABLE -DHAVE___BUILTIN_TYPES_COMPATIBLE_P -DHAVE_FUNC_ATTRIBUTE_CONST -DHAVE_FUNC_ATTRIBUTE_FLATTEN -DHAVE_FUNC_ATTRIBUTE_MALLOC -DHAVE_FUNC_ATTRIBUTE_PURE -DHAVE_FUNC_ATTRIBUTE_UNUSED -DHAVE_FUNC_ATTRIBUTE_WARN_UNUSED_RESULT -DHAVE_FUNC_ATTRIBUTE_WEAK -DHAVE_FUNC_ATTRIBUTE_FORMAT -DHAVE_FUNC_ATTRIBUTE_PACKED -DHAVE_FUNC_ATTRIBUTE_RETURNS_NONNULL -DHAVE_FUNC_ATTRIBUTE_ALIAS -DHAVE_FUNC_ATTRIBUTE_NORETURN -DHAVE_FUNC_ATTRIBUTE_VISIBILITY -DHAVE_UINT128 -DHAVE_REALLOCARRAY -DHAVE_FMEMOPEN -D_GNU_SOURCE -DUSE_SSE41 -DHAVE___BUILTIN_IA32_CLFLUSHOPT -DUSE_GCC_ATOMIC_BUILTINS -DUSE_X86_64_ASM -DHAS_SCHED_H -DHAS_SCHED_GETAFFINITY -DHAVE_SYS_SYSCTL_H -DHAVE_XLOCALE_H -DHAVE_ENDIAN_H -DHAVE_DLFCN_H -DHAVE_SYS_SHM_H -DHAVE_CET_H -DHAVE_PTHREAD_NP_H -DHAVE_STRTOF -DHAVE_MKOSTEMP -DHAVE_MEMFD_CREATE -DHAVE_FLOCK -DHAVE_STRTOK_R -DHAVE_GETRANDOM -DHAVE_QSORT_S -DHAVE_POSIX_FALLOCATE -DHAVE_SECURE_GETENV -DHAVE_GNU_QSORT_R -DHAVE_STRUCT_TIMESPEC -DHAVE_POSIX_MEMALIGN -DHAVE_DIRENT_D_TYPE -DHAVE_STRTOD_L -DHAVE_DLADDR -DHAVE_DL_ITERATE_PHDR -DSUPPORT_INTEL_INTEGRATED_GPUS -DHAVE_ZLIB -DHAVE_COMPRESSION -DHAVE_PTHREAD -DHAVE_LIBDRM -DLLVM_AVAILABLE=0 -DDRAW_LLVM_AVAILABLE=0 -DUSE_LIBELF -DWL_HIDE_DEPRECATED -DHAVE_DRI -DHAVE_DRI2 -DHAVE_DRI3 -DHAVE_DRISW_KMS -Werror=implicit-function-declaration -Werror=missing-prototypes -Werror=return-type -Werror=empty-body -Werror=incompatible-pointer-types -Werror=int-conversion -Wimplicit-fallthrough -Wmisleading-indentation -Wno-missing-field-initializers -fno-math-errno -fno-trapping-math -Qunused-arguments -fno-common -Wno-unknown-pragmas -Wno-microsoft-enum-value -Wno-unused-function -Werror=format -Wformat-security -ffunction-sections -fdata-sections -fPIC -MD -MQ src/egl/wayland/wayland-drm/libwayland_drm.a.p/wayland-drm.c.o -MF src/egl/wayland/wayland-drm/libwayland_drm.a.p/wayland-drm.c.o.d -o src/egl/wayland/wayland-drm/libwayland_drm.a.p/wayland-drm.c.o -c ../../../../../../../src/Frameworks/OpenGL/mesa-24.0.3/src/egl/wayland/wayland-drm/wayland-drm.c
In file included from ../../../../../../../src/Frameworks/OpenGL/mesa-24.0.3/src/egl/wayland/wayland-drm/wayland-drm.c:36:
src/egl/wayland/wayland-drm/wayland-drm-server-protocol.h:8:10: fatal error: 'wayland-server.h' file not found
    8 | #include "wayland-server.h"
      |          ^~~~~~~~~~~~~~~~~~
1 error generated.
[360/1946] Generating src/compiler/glsl/astc_glsl.h with a custom command
[361/1946] Generating src/compiler/glsl/glsl_parser with a custom command
[362/1946] Generating src/intel/genxml/genX_xml.h with a custom command (wrapped by meson to capture output)
[363/1946] Compiling C object src/compiler/nir/libnir.a.p/meson-generated_.._nir_opt_algebraic.c.o
ninja: build stopped: subcommand failed.
*** Error code 1

Stop.
make: stopped in /usr/src/Frameworks/OpenGL/mesa-24.0.3
