cpan/podlators/blib/script/pod2man
cpan/podlators/blib/script/pod2text
cpan/Pod-Usage/blib/script/pod2usage
cpan/Pod-Checker/blib/script/podchecker
utils/cpan
utils/corelist
utils/enc2xs
utils/encguess
utils/h2ph
utils/h2xs
utils/instmodsh
utils/json_pp
utils/libnetcfg
utils/perlbug	# link = utils/perlthanks
utils/perldoc
utils/perlivp
utils/piconv
utils/pl2pm
utils/pod2html
utils/prove
utils/ptar
utils/ptardiff
utils/ptargrep
utils/shasum
utils/splain
utils/streamzip
utils/xsubpp
utils/zipdetails
