./test/errors/759573.xml:1: parser error : Space required after '<!ENTITY'
ELEMENT t (A)><!ENTITY % xx '&#37;<![INCLUDE[000&#37;&#3000;000&#37;z;'><!ENTITY
                                                                               ^
./test/errors/759573.xml:1: parser error : Space required after the entity name
LEMENT t (A)><!ENTITY % xx '&#37;<![INCLUDE[000&#37;&#3000;000&#37;z;'><!ENTITYz
                                                                               ^
./test/errors/759573.xml:1: parser error : Entity value required
LEMENT t (A)><!ENTITY % xx '&#37;<![INCLUDE[000&#37;&#3000;000&#37;z;'><!ENTITYz
                                                                               ^
./test/errors/759573.xml:1: parser error : PEReference: no name
T t (A)><!ENTITY % xx '&#37;<![INCLUDE[000&#37;&#3000;000&#37;z;'><!ENTITYz>%xx;
                                                                               ^
Entity: line 1: 
%<![INCLUDE[000%ஸ000%z;
 ^
./test/errors/759573.xml:1: parser error : internal error: xmlParseInternalSubset: error detected in Markup declaration

T t (A)><!ENTITY % xx '&#37;<![INCLUDE[000&#37;&#3000;000&#37;z;'><!ENTITYz>%xx;
                                                                               ^
Entity: line 1: 
%<![INCLUDE[000%ஸ000%z;
   ^
