Entity: line 1: parser error : Space required after '<!ENTITY'
%zz;
    ^
Entity: line 1: 
<!ENTITY<?xDOCTYPEm~?>
        ^
Entity: line 1: parser error : xmlParseEntityDecl: no name
%zz;
    ^
Entity: line 1: 
<!ENTITY<?xDOCTYPEm~?>
        ^
Entity: line 1: parser error : ParsePI: PI xDOCTYPEm space expected
%zz;
    ^
Entity: line 1: 
<!ENTITY<?xDOCTYPEm~?>
                   ^
./test/errors/759573-2.xml:6: parser error : internal error: xmlParseInternalSubset: error detected in Markup declaration

%xx;
    ^
Entity: line 2: 
<![INCLUDE[
  ^
